
C:\Users\dell\source\repos\Mon projet update\x64\Debug\gtk-3-vs17.dll
C:\Users\dell\source\repos\Mon projet update\x64\Debug\gdk-3-vs17.dll
C:\Users\dell\source\repos\Mon projet update\x64\Debug\gdk_pixbuf-2.0-0.dll
C:\Users\dell\source\repos\Mon projet update\x64\Debug\glib-2.0-0.dll
C:\Users\dell\source\repos\Mon projet update\x64\Debug\iconv-2.dll
C:\Users\dell\source\repos\Mon projet update\x64\Debug\intl-8.dll
C:\Users\dell\source\repos\Mon projet update\x64\Debug\pcre2-8d.dll
C:\Users\dell\source\repos\Mon projet update\x64\Debug\gobject-2.0-0.dll
C:\Users\dell\source\repos\Mon projet update\x64\Debug\libffi.dll
C:\Users\dell\source\repos\Mon projet update\x64\Debug\gmodule-2.0-0.dll
C:\Users\dell\source\repos\Mon projet update\x64\Debug\gio-2.0-0.dll
C:\Users\dell\source\repos\Mon projet update\x64\Debug\zlibd1.dll
C:\Users\dell\source\repos\Mon projet update\x64\Debug\libpng16d.dll
C:\Users\dell\source\repos\Mon projet update\x64\Debug\jpeg62.dll
C:\Users\dell\source\repos\Mon projet update\x64\Debug\tiffd.dll
C:\Users\dell\source\repos\Mon projet update\x64\Debug\liblzma.dll
C:\Users\dell\source\repos\Mon projet update\x64\Debug\cairo-2.dll
C:\Users\dell\source\repos\Mon projet update\x64\Debug\fontconfig-1.dll
C:\Users\dell\source\repos\Mon projet update\x64\Debug\freetyped.dll
C:\Users\dell\source\repos\Mon projet update\x64\Debug\bz2d.dll
C:\Users\dell\source\repos\Mon projet update\x64\Debug\brotlidec.dll
C:\Users\dell\source\repos\Mon projet update\x64\Debug\brotlicommon.dll
C:\Users\dell\source\repos\Mon projet update\x64\Debug\libexpatd.dll
C:\Users\dell\source\repos\Mon projet update\x64\Debug\pixman-1-0.dll
C:\Users\dell\source\repos\Mon projet update\x64\Debug\pango-1.0-0.dll
C:\Users\dell\source\repos\Mon projet update\x64\Debug\fribidi-0.dll
C:\Users\dell\source\repos\Mon projet update\x64\Debug\harfbuzz.dll
C:\Users\dell\source\repos\Mon projet update\x64\Debug\cairo-gobject-2.dll
C:\Users\dell\source\repos\Mon projet update\x64\Debug\epoxy-0.dll
C:\Users\dell\source\repos\Mon projet update\x64\Debug\pangocairo-1.0-0.dll
C:\Users\dell\source\repos\Mon projet update\x64\Debug\pangoft2-1.0-0.dll
C:\Users\dell\source\repos\Mon projet update\x64\Debug\pangowin32-1.0-0.dll
C:\Users\dell\source\repos\Mon projet update\x64\Debug\atk-1.0-0.dll
C:\Users\dell\source\repos\Mon projet update\x64\Debug\gtk-4-1.dll
C:\Users\dell\source\repos\Mon projet update\x64\Debug\graphene-1.0-0.dll
C:\Users\dell\source\repos\Mon projet update\x64\Debug\cairo-script-interpreter-2.dll
C:\Users\dell\source\repos\Mon projet update\x64\Debug\lzo2.dll
